This is pdfTeX, Version 3.14159265-2.6-1.40.15 (TeX Live 2014) (preloaded format=pdflatex 2014.10.20)  7 FEB 2015 19:55
entering extended mode
 restricted \write18 enabled.
 file:line:error style messages enabled.
 %&-line parsing enabled.
**Report.tex
(./Report.tex
LaTeX2e <2014/05/01>
Babel <3.9k> and hyphenation patterns for 78 languages loaded.
(/usr/local/texlive/2014/texmf-dist/tex/latex/base/article.cls
Document Class: article 2007/10/19 v1.4h Standard LaTeX document class
(/usr/local/texlive/2014/texmf-dist/tex/latex/base/size10.clo
File: size10.clo 2007/10/19 v1.4h Standard LaTeX file (size option)
)
\c@part=\count79
\c@section=\count80
\c@subsection=\count81
\c@subsubsection=\count82
\c@paragraph=\count83
\c@subparagraph=\count84
\c@figure=\count85
\c@table=\count86
\abovecaptionskip=\skip41
\belowcaptionskip=\skip42
\bibindent=\dimen102
)
(/usr/local/texlive/2014/texmf-dist/tex/latex/psnfss/times.sty
Package: times 2005/04/12 PSNFSS-v9.2a (SPQR) 
)
(/usr/local/texlive/2014/texmf-dist/tex/latex/cite/cite.sty
LaTeX Info: Redefining \cite on input line 302.
LaTeX Info: Redefining \nocite on input line 373.
Package: cite 2010/09/10  v 5.3
)
(/usr/local/texlive/2014/texmf-dist/tex/latex/csquotes/csquotes.sty
Package: csquotes 2011/10/22 v5.1d context-sensitive quotations

(/usr/local/texlive/2014/texmf-dist/tex/latex/etoolbox/etoolbox.sty
Package: etoolbox 2011/01/03 v2.1 e-TeX tools for LaTeX

(/usr/local/texlive/2014/texmf-dist/tex/latex/etex-pkg/etex.sty
Package: etex 1998/03/26 v2.0 eTeX basic definition package (PEB)
\et@xins=\count87
)
\etb@tempcnta=\count88
)
(/usr/local/texlive/2014/texmf-dist/tex/latex/graphics/keyval.sty
Package: keyval 2014/05/08 v1.15 key=value parser (DPC)
\KV@toks@=\toks14
)
\csq@reset=\count89
\csq@gtype=\count90
\csq@glevel=\count91
\csq@qlevel=\count92
\csq@maxlvl=\count93
\csq@tshold=\count94
\csq@ltx@everypar=\toks15

(/usr/local/texlive/2014/texmf-dist/tex/latex/csquotes/csquotes.def
File: csquotes.def 2011/10/22 v5.1d csquotes generic definitions
)
Package csquotes Info: Trying to load configuration file 'csquotes.cfg'...
Package csquotes Info: ... configuration file loaded successfully.

(/usr/local/texlive/2014/texmf-dist/tex/latex/csquotes/csquotes.cfg
File: csquotes.cfg 
)
Package csquotes Info: Enabling multilingual quotes.
)
(/usr/local/texlive/2014/texmf-dist/tex/latex/marginnote/marginnote.sty
Package: marginnote 2012/03/29 v1.1i non floating margin notes for LaTeX
\c@mn@abspage=\count95
)
(/usr/local/texlive/2014/texmf-dist/tex/latex/listings/listings.sty
\lst@mode=\count96
\lst@gtempboxa=\box26
\lst@token=\toks16
\lst@length=\count97
\lst@currlwidth=\dimen103
\lst@column=\count98
\lst@pos=\count99
\lst@lostspace=\dimen104
\lst@width=\dimen105
\lst@newlines=\count100
\lst@lineno=\count101
\lst@maxwidth=\dimen106

(/usr/local/texlive/2014/texmf-dist/tex/latex/listings/lstmisc.sty
File: lstmisc.sty 2014/03/04 1.5c (Carsten Heinz)
\c@lstnumber=\count102
\lst@skipnumbers=\count103
\lst@framebox=\box27
)
(/usr/local/texlive/2014/texmf-dist/tex/latex/listings/listings.cfg
File: listings.cfg 2014/03/04 1.5c listings configuration
))
Package: listings 2014/03/04 1.5c (Carsten Heinz)

(/usr/local/texlive/2014/texmf-dist/tex/latex/xcolor/xcolor.sty
Package: xcolor 2007/01/21 v2.11 LaTeX color extensions (UK)

(/usr/local/texlive/2014/texmf-dist/tex/latex/latexconfig/color.cfg
File: color.cfg 2007/01/18 v1.5 color configuration of teTeX/TeXLive
)
Package xcolor Info: Driver file: pdftex.def on input line 225.

(/usr/local/texlive/2014/texmf-dist/tex/latex/pdftex-def/pdftex.def
File: pdftex.def 2011/05/27 v0.06d Graphics/color for pdfTeX

(/usr/local/texlive/2014/texmf-dist/tex/generic/oberdiek/infwarerr.sty
Package: infwarerr 2010/04/08 v1.3 Providing info/warning/error messages (HO)
)
(/usr/local/texlive/2014/texmf-dist/tex/generic/oberdiek/ltxcmds.sty
Package: ltxcmds 2011/11/09 v1.22 LaTeX kernel commands for general use (HO)
)
\Gread@gobject=\count104
)
Package xcolor Info: Model `cmy' substituted by `cmy0' on input line 1337.
Package xcolor Info: Model `hsb' substituted by `rgb' on input line 1341.
Package xcolor Info: Model `RGB' extended on input line 1353.
Package xcolor Info: Model `HTML' substituted by `rgb' on input line 1355.
Package xcolor Info: Model `Hsb' substituted by `hsb' on input line 1356.
Package xcolor Info: Model `tHsb' substituted by `hsb' on input line 1357.
Package xcolor Info: Model `HSB' substituted by `hsb' on input line 1358.
Package xcolor Info: Model `Gray' substituted by `gray' on input line 1359.
Package xcolor Info: Model `wave' substituted by `hsb' on input line 1360.
)
(/usr/local/texlive/2014/texmf-dist/tex/latex/booktabs/booktabs.sty
Package: booktabs 2005/04/14 v1.61803 publication quality tables
\heavyrulewidth=\dimen107
\lightrulewidth=\dimen108
\cmidrulewidth=\dimen109
\belowrulesep=\dimen110
\belowbottomsep=\dimen111
\aboverulesep=\dimen112
\abovetopsep=\dimen113
\cmidrulesep=\dimen114
\cmidrulekern=\dimen115
\defaultaddspace=\dimen116
\@cmidla=\count105
\@cmidlb=\count106
\@aboverulesep=\dimen117
\@belowrulesep=\dimen118
\@thisruleclass=\count107
\@lastruleclass=\count108
\@thisrulewidth=\dimen119
)
(/usr/local/texlive/2014/texmf-dist/tex/latex/url/url.sty
\Urlmuskip=\muskip10
Package: url 2013/09/16  ver 3.4  Verb mode for urls, etc.
)
(/usr/local/texlive/2014/texmf-dist/tex/latex/graphics/graphicx.sty
Package: graphicx 2014/04/25 v1.0g Enhanced LaTeX Graphics (DPC,SPQR)

(/usr/local/texlive/2014/texmf-dist/tex/latex/graphics/graphics.sty
Package: graphics 2009/02/05 v1.0o Standard LaTeX Graphics (DPC,SPQR)

(/usr/local/texlive/2014/texmf-dist/tex/latex/graphics/trig.sty
Package: trig 1999/03/16 v1.09 sin cos tan (DPC)
)
(/usr/local/texlive/2014/texmf-dist/tex/latex/latexconfig/graphics.cfg
File: graphics.cfg 2010/04/23 v1.9 graphics configuration of TeX Live
)
Package graphics Info: Driver file: pdftex.def on input line 91.
)
\Gin@req@height=\dimen120
\Gin@req@width=\dimen121
)
Package csquotes Info: Checking for multilingual support...
Package csquotes Info: ... none found.


Package csquotes Warning: No multilingual support.
(csquotes)                Cannot enable multilingual quotes on input line 35.

(/Users/Samuel/Documents/University/Project/Report/.texpadtmp/Report.aux)
\openout1 = `Report.aux'.

LaTeX Font Info:    Checking defaults for OML/cmm/m/it on input line 35.
LaTeX Font Info:    ... okay on input line 35.
LaTeX Font Info:    Checking defaults for T1/cmr/m/n on input line 35.
LaTeX Font Info:    ... okay on input line 35.
LaTeX Font Info:    Checking defaults for OT1/cmr/m/n on input line 35.
LaTeX Font Info:    ... okay on input line 35.
LaTeX Font Info:    Checking defaults for OMS/cmsy/m/n on input line 35.
LaTeX Font Info:    ... okay on input line 35.
LaTeX Font Info:    Checking defaults for OMX/cmex/m/n on input line 35.
LaTeX Font Info:    ... okay on input line 35.
LaTeX Font Info:    Checking defaults for U/cmr/m/n on input line 35.
LaTeX Font Info:    ... okay on input line 35.
LaTeX Font Info:    Try loading font information for OT1+ptm on input line 35.

(/usr/local/texlive/2014/texmf-dist/tex/latex/psnfss/ot1ptm.fd
File: ot1ptm.fd 2001/06/04 font definitions for OT1/ptm.
)
Package marginnote Info: \pdfoutput not 0 and \pdflastxpos available.
(marginnote)             Extended position detection mode activated.
\c@lstlisting=\count109

(/usr/local/texlive/2014/texmf-dist/tex/context/base/supp-pdf.mkii
[Loading MPS to PDF converter (version 2006.09.02).]
\scratchcounter=\count110
\scratchdimen=\dimen122
\scratchbox=\box28
\nofMPsegments=\count111
\nofMParguments=\count112
\everyMPshowfont=\toks17
\MPscratchCnt=\count113
\MPscratchDim=\dimen123
\MPnumerator=\count114
\makeMPintoPDFobject=\count115
\everyMPtoPDFconversion=\toks18
) (/usr/local/texlive/2014/texmf-dist/tex/generic/oberdiek/pdftexcmds.sty
Package: pdftexcmds 2011/11/29 v0.20 Utility functions of pdfTeX for LuaTeX (HO
)

(/usr/local/texlive/2014/texmf-dist/tex/generic/oberdiek/ifluatex.sty
Package: ifluatex 2010/03/01 v1.3 Provides the ifluatex switch (HO)
Package ifluatex Info: LuaTeX not detected.
)
(/usr/local/texlive/2014/texmf-dist/tex/generic/oberdiek/ifpdf.sty
Package: ifpdf 2011/01/30 v2.3 Provides the ifpdf switch (HO)
Package ifpdf Info: pdfTeX in PDF mode is detected.
)
Package pdftexcmds Info: LuaTeX not detected.
Package pdftexcmds Info: \pdf@primitive is available.
Package pdftexcmds Info: \pdf@ifprimitive is available.
Package pdftexcmds Info: \pdfdraftmode found.
)
(/usr/local/texlive/2014/texmf-dist/tex/latex/oberdiek/epstopdf-base.sty
Package: epstopdf-base 2010/02/09 v2.5 Base part for package epstopdf

(/usr/local/texlive/2014/texmf-dist/tex/latex/oberdiek/grfext.sty
Package: grfext 2010/08/19 v1.1 Manage graphics extensions (HO)

(/usr/local/texlive/2014/texmf-dist/tex/generic/oberdiek/kvdefinekeys.sty
Package: kvdefinekeys 2011/04/07 v1.3 Define keys (HO)
))
(/usr/local/texlive/2014/texmf-dist/tex/latex/oberdiek/kvoptions.sty
Package: kvoptions 2011/06/30 v3.11 Key value format for package options (HO)

(/usr/local/texlive/2014/texmf-dist/tex/generic/oberdiek/kvsetkeys.sty
Package: kvsetkeys 2012/04/25 v1.16 Key value parser (HO)

(/usr/local/texlive/2014/texmf-dist/tex/generic/oberdiek/etexcmds.sty
Package: etexcmds 2011/02/16 v1.5 Avoid name clashes with e-TeX commands (HO)
Package etexcmds Info: Could not find \expanded.
(etexcmds)             That can mean that you are not using pdfTeX 1.50 or
(etexcmds)             that some package has redefined \expanded.
(etexcmds)             In the latter case, load this package earlier.
)))
Package grfext Info: Graphics extension search list:
(grfext)             [.pdf,.png,.jpg,.eps]
(grfext)             \AppendGraphicsExtensions on input line 452.

(/usr/local/texlive/2014/texmf-dist/tex/latex/latexconfig/epstopdf-sys.cfg
File: epstopdf-sys.cfg 2010/07/13 v1.3 Configuration of (r)epstopdf for TeX Liv
e
))
LaTeX Font Info:    External font `cmex10' loaded for size
(Font)              <12> on input line 43.
LaTeX Font Info:    External font `cmex10' loaded for size
(Font)              <8> on input line 43.
LaTeX Font Info:    External font `cmex10' loaded for size
(Font)              <6> on input line 43.
LaTeX Font Info:    Try loading font information for OT1+pcr on input line 43.

(/usr/local/texlive/2014/texmf-dist/tex/latex/psnfss/ot1pcr.fd
File: ot1pcr.fd 2001/06/04 font definitions for OT1/pcr.
) [1

{/usr/local/texlive/2014/texmf-var/fonts/map/pdftex/updmap/pdftex.map}]
LaTeX Font Info:    Font shape `OT1/ptm/bx/n' in size <9> not available
(Font)              Font shape `OT1/ptm/b/n' tried instead on input line 47.
Package marginnote Info: Margin note 2.1 is on absolute page 2
(marginnote)              on input line 50.
Package marginnote Info: right page because not two side mode on input line 50.

Package marginnote Info: xpos seems to be 172.77002pt,
(marginnote)             \marginnoterightadjust ignored on input line 50.
 [2]
LaTeX Font Info:    Font shape `OT1/ptm/bx/n' in size <14.4> not available
(Font)              Font shape `OT1/ptm/b/n' tried instead on input line 59.

(/Users/Samuel/Documents/University/Project/Report/.texpadtmp/Report.toc
LaTeX Font Info:    Font shape `OT1/ptm/bx/n' in size <10> not available
(Font)              Font shape `OT1/ptm/b/n' tried instead on input line 1.
LaTeX Font Info:    External font `cmex10' loaded for size
(Font)              <7> on input line 3.
LaTeX Font Info:    External font `cmex10' loaded for size
(Font)              <5> on input line 3.

[3])
\tf@toc=\write3
\openout3 = `Report.toc'.

 [4]
(/Users/Samuel/Documents/University/Project/Report/.texpadtmp/Report.lof)
\tf@lof=\write4
\openout4 = `Report.lof'.


[5] (/Users/Samuel/Documents/University/Project/Report/.texpadtmp/Report.lot)
\tf@lot=\write5
\openout5 = `Report.lot'.


[6] [7] [8]
LaTeX Font Info:    Font shape `OT1/ptm/bx/n' in size <12> not available
(Font)              Font shape `OT1/ptm/b/n' tried instead on input line 81.

Overfull \hbox (2.42645pt too wide) in paragraph at lines 83--84
\OT1/ptm/m/n/10 The in-spi-ra-tion for this project orig-i-nates from a project
 the au-thor un-der-took in Septem-
 []


Overfull \hbox (34.05658pt too wide) in paragraph at lines 83--84
\OT1/ptm/m/n/10 ber 2014 whilst at-tend-ing a week long 'hackathon' (Yacht Hack
, http://toughhackers.com/yacht-
 []

Package marginnote Info: Margin note 9.1 is on absolute page 9
(marginnote)              on input line 92.
Package marginnote Info: right page because not two side mode on input line 92.

Package marginnote Info: xpos seems to be 134.26999pt,
(marginnote)             \marginnoterightadjust ignored on input line 92.
<./figures/shy-screenshots.jpg, id=31, 2870.725pt x 1140.26pt>
File: ./figures/shy-screenshots.jpg Graphic file (type jpg)

<use ./figures/shy-screenshots.jpg>
Package pdftex.def Info: ./figures/shy-screenshots.jpg used on input line 94.
(pdftex.def)             Requested size: 345.0pt x 137.03407pt.
Package marginnote Info: Margin note 9.2 is on absolute page 10
(marginnote)              on input line 100.
Package marginnote Info: right page because not two side mode on input line 100
.
Package marginnote Info: xpos seems to be 299.43806pt,
(marginnote)             \marginnoterightadjust ignored on input line 100.
 [9 <./figures/shy-screenshots.jpg>]
Overfull \hbox (1.69597pt too wide) in paragraph at lines 108--109
\OT1/ptm/m/n/10 cated in the early stages of the project (Dis-eases Database, w
ww.diseasesdatabase.com),
 []

LaTeX Font Info:    Try loading font information for OMS+ptm on input line 111.

(/usr/local/texlive/2014/texmf-dist/tex/latex/psnfss/omsptm.fd
File: omsptm.fd 
)
LaTeX Font Info:    Font shape `OMS/ptm/m/n' in size <10> not available
(Font)              Font shape `OMS/cmsy/m/n' tried instead on input line 111.
 [10]
Package marginnote Info: Margin note 11.1 is on absolute page 11
(marginnote)              on input line 122.
Package marginnote Info: right page because not two side mode on input line 122
.
Package marginnote Info: xpos seems to be 312.17297pt,
(marginnote)             \marginnoterightadjust ignored on input line 122.
 [11]
[12] <./figures/googleInstant.png, id=45, 571.13374pt x 342.27875pt>
File: ./figures/googleInstant.png Graphic file (type png)

<use ./figures/googleInstant.png>
Package pdftex.def Info: ./figures/googleInstant.png used on input line 152.
(pdftex.def)             Requested size: 345.0pt x 206.75807pt.
 [13 <./figures/googleInstant.png>]
LaTeX Font Info:    Font shape `OT1/ptm/m/ui' in size <10> not available
(Font)              Font shape `OT1/ptm/m/it' tried instead on input line 163.
 [14]
[15]
Package marginnote Info: Margin note 16.1 is on absolute page 16
(marginnote)              on input line 204.
Package marginnote Info: right page because not two side mode on input line 204
.
Package marginnote Info: xpos seems to be 134.26999pt,
(marginnote)             \marginnoterightadjust ignored on input line 204.
 <./figures/hashPhoneNumber.png, id=59, 402.50375pt x 135.50626pt>
File: ./figures/hashPhoneNumber.png Graphic file (type png)

<use ./figures/hashPhoneNumber.png>
Package pdftex.def Info: ./figures/hashPhoneNumber.png used on input line 221.
(pdftex.def)             Requested size: 200.0pt x 67.33115pt.
Missing character: There is no â in font ptmr7t!
Missing character: There is no € in font ptmr7t!
Missing character: There is no ˜ in font ptmr7t!
Missing character: There is no â in font ptmr7t!
Missing character: There is no € in font ptmr7t!
Missing character: There is no ™ in font ptmr7t!
Missing character: There is no â in font ptmr7t!
Missing character: There is no € in font ptmr7t!
Missing character: There is no ˜ in font ptmr7t!
Missing character: There is no â in font ptmr7t!
Missing character: There is no € in font ptmr7t!
Missing character: There is no ™ in font ptmr7t!
Missing character: There is no â in font ptmr7t!
Missing character: There is no € in font ptmr7t!
Missing character: There is no ˜ in font ptmr7t!
Missing character: There is no â in font ptmr7t!
Missing character: There is no € in font ptmr7t!
Missing character: There is no ™ in font ptmr7t!
 [16] [17 <./figures/hashPhoneNumber.png>]
Package marginnote Info: Margin note 18.1 is on absolute page 18
(marginnote)              on input line 254.
Package marginnote Info: right page because not two side mode on input line 254
.
Package marginnote Info: xpos seems to be 405.333pt,
(marginnote)             \marginnoterightadjust ignored on input line 254.
Package marginnote Info: Margin note 18.2 is on absolute page 18
(marginnote)              on input line 257.
Package marginnote Info: right page because not two side mode on input line 257
.
Package marginnote Info: xpos seems to be 134.26999pt,
(marginnote)             \marginnoterightadjust ignored on input line 257.

[18] <./figures/waterfallModel.png, id=70, 452.69125pt x 262.9825pt>
File: ./figures/waterfallModel.png Graphic file (type png)

<use ./figures/waterfallModel.png>
Package pdftex.def Info: ./figures/waterfallModel.png used on input line 270.
(pdftex.def)             Requested size: 276.00105pt x 160.33481pt.
 [19 <./figures/waterfallModel.png>]
<./figures/iterativeDevelopment.jpg, id=76, 318.43968pt x 167.12437pt>
File: ./figures/iterativeDevelopment.jpg Graphic file (type jpg)

<use ./figures/iterativeDevelopment.jpg>
Package pdftex.def Info: ./figures/iterativeDevelopment.jpg used on input line 
289.
(pdftex.def)             Requested size: 276.00105pt x 144.85129pt.
LaTeX Font Info:    External font `cmex10' loaded for size
(Font)              <9> on input line 291.
 [20 <./figures/iterativeDevelopment.jpg>] <./figures/spiralModel.png, id=80, 5
69.12625pt x 392.46625pt>
File: ./figures/spiralModel.png Graphic file (type png)

<use ./figures/spiralModel.png>
Package pdftex.def Info: ./figures/spiralModel.png used on input line 302.
(pdftex.def)             Requested size: 276.00105pt x 190.33391pt.
 [21 <./figures/spiralModel.png>]
Package marginnote Info: Margin note 22.1 is on absolute page 22
(marginnote)              on input line 323.
Package marginnote Info: right page because not two side mode on input line 323
.
Package marginnote Info: xpos seems to be 201.1406pt,
(marginnote)             \marginnoterightadjust ignored on input line 323.
 [22]
Package marginnote Info: Margin note 23.1 is on absolute page 23
(marginnote)              on input line 346.
Package marginnote Info: right page because not two side mode on input line 346
.
Package marginnote Info: xpos seems to be 469.1866pt,
(marginnote)             \marginnoterightadjust ignored on input line 346.
 [23]
Package marginnote Info: Margin note 24.1 is on absolute page 24
(marginnote)              on input line 358.
Package marginnote Info: right page because not two side mode on input line 358
.
Package marginnote Info: xpos seems to be 304.50897pt,
(marginnote)             \marginnoterightadjust ignored on input line 358.

[24] [25] (/usr/local/texlive/2014/texmf-dist/tex/latex/listings/lstlang1.sty
File: lstlang1.sty 2014/03/04 1.5c listings language file
)
[26]
Package marginnote Info: Margin note 27.1 is on absolute page 27
(marginnote)              on input line 425.
Package marginnote Info: right page because not two side mode on input line 425
.
Package marginnote Info: xpos seems to be 175.37988pt,
(marginnote)             \marginnoterightadjust ignored on input line 425.
 [27]
Underfull \hbox (badness 1292) in paragraph at lines 457--457
\OT1/ptm/m/n/10 eS-tar-Rat-ings, twoStar-Rat-ings, three-Star-
 []

Package marginnote Info: Margin note 28.1 is on absolute page 28
(marginnote)              on input line 465.
Package marginnote Info: right page because not two side mode on input line 465
.
Package marginnote Info: xpos seems to be 134.26999pt,
(marginnote)             \marginnoterightadjust ignored on input line 465.
<./figures/logicalModel.png, id=104, 732.7375pt x 200.75pt>
File: ./figures/logicalModel.png Graphic file (type png)

<use ./figures/logicalModel.png>
Package pdftex.def Info: ./figures/logicalModel.png used on input line 467.
(pdftex.def)             Requested size: 345.0pt x 94.52098pt.
 [28 <./figures/logicalModel.png (PNG copy)>]
Underfull \hbox (badness 6428) in paragraph at lines 492--492
[]\OT1/ptm/m/n/10 Relational Queries Sup-
 []


Overfull \hbox (43.8144pt too wide) in paragraph at lines 487--497
 [] 
 []

[29]
Underfull \hbox (badness 10000) in paragraph at lines 556--557

 []


Underfull \hbox (badness 10000) in paragraph at lines 558--559

 []


Underfull \hbox (badness 10000) in paragraph at lines 560--561

 []

[30]
Overfull \hbox (14.10641pt too wide) in paragraph at lines 565--566
\OT1/ptm/b/n/10 This sec-tion will con-tain in-for-ma-tion on how data is store
d, the struc-ture of databases,
 []

[31] [32] [33] [34] [35] [36]
(/Users/Samuel/Documents/University/Project/Report/.texpadtmp/Report.bbl
** WARNING: IEEEtran.bst: No hyphenation pattern has been
** loaded for the language `English'. Using the pattern for
** the default language instead.
** WARNING: IEEEtran.bst: No hyphenation pattern has been
** loaded for the language `English'. Using the pattern for
** the default language instead.
Missing character: There is no ï in font ptmr7t!
Missing character: There is no ¿ in font ptmr7t!
Missing character: There is no ¼ in font ptmr7t!
Missing character: There is no ï in font ptmr7t!
Missing character: There is no ¿ in font ptmr7t!
Missing character: There is no ¼ in font ptmr7t!
Missing character: There is no ï in font ptmr7t!
Missing character: There is no ¿ in font ptmr7t!
Missing character: There is no ¼ in font ptmr7t!
Missing character: There is no ï in font ptmr7t!
Missing character: There is no ¿ in font ptmr7t!
Missing character: There is no ¼ in font ptmr7t!
Missing character: There is no ï in font ptmr7t!
Missing character: There is no ¿ in font ptmr7t!
Missing character: There is no ¼ in font ptmr7t!
Missing character: There is no â in font ptmr7t!
Missing character: There is no € in font ptmr7t!
Missing character: There is no ™ in font ptmr7t!
[37]
Underfull \hbox (badness 1436) in paragraph at lines 111--115
[]\OT1/ptm/m/n/10 N. Rah-many. (2012) The dif-fer-ences be-tween life cy-cle
 []


Underfull \hbox (badness 1142) in paragraph at lines 111--115
\OT1/ptm/m/n/10 mod-els - ad-van-tages and dis-ad-van-tages. Ac-cessed: 2015-
 []

) [38] [39] [40] [41]
(/Users/Samuel/Documents/University/Project/Report/.texpadtmp/Report.aux) ) 
Here is how much of TeX's memory you used:
 4736 strings out of 493117
 68244 string characters out of 6135432
 167641 words of memory out of 5000000
 8104 multiletter control sequences out of 15000+600000
 28108 words of font info for 55 fonts, out of 8000000 for 9000
 1141 hyphenation exceptions out of 8191
 37i,16n,42p,1234b,1103s stack positions out of 5000i,500n,10000p,200000b,80000s
{/us
r/local/texlive/2014/texmf-dist/fonts/enc/dvips/base/8r.enc}</usr/local/texlive
/2014/texmf-dist/fonts/type1/public/amsfonts/cm/cmsy10.pfb></usr/local/texlive/
2014/texmf-dist/fonts/type1/public/amsfonts/cm/cmsy7.pfb></usr/local/texlive/20
14/texmf-dist/fonts/type1/urw/courier/ucrr8a.pfb></usr/local/texlive/2014/texmf
-dist/fonts/type1/urw/times/utmb8a.pfb></usr/local/texlive/2014/texmf-dist/font
s/type1/urw/times/utmr8a.pfb></usr/local/texlive/2014/texmf-dist/fonts/type1/ur
w/times/utmri8a.pfb>
Output written on /Users/Samuel/Documents/University/Project/Report/.texpadtmp/
Report.pdf (41 pages, 1158619 bytes).
PDF statistics:
 175 PDF objects out of 1000 (max. 8388607)
 113 compressed objects within 2 object streams
 0 named destinations out of 1000 (max. 500000)
 36 words of extra memory for PDF output out of 10000 (max. 10000000)

