\BOOKMARK [1][-]{section.0.1}{Introduction}{}% 1
\BOOKMARK [2][-]{subsection.0.1.1}{Background of this project}{section.0.1}% 2
\BOOKMARK [2][-]{subsection.0.1.2}{Motivation for this project}{section.0.1}% 3
\BOOKMARK [2][-]{subsection.0.1.3}{Aims of this project}{section.0.1}% 4
\BOOKMARK [2][-]{subsection.0.1.4}{Structure of this report}{section.0.1}% 5
\BOOKMARK [2][-]{subsection.0.1.5}{Assumptions Within This Project}{section.0.1}% 6
\BOOKMARK [1][-]{section.0.2}{Literature Review}{}% 7
\BOOKMARK [2][-]{subsection.0.2.1}{Previous work using SMS}{section.0.2}% 8
\BOOKMARK [2][-]{subsection.0.2.2}{Ethical Issues}{section.0.2}% 9
\BOOKMARK [2][-]{subsection.0.2.3}{Software Design Life Cycles}{section.0.2}% 10
\BOOKMARK [1][-]{section.0.3}{Method and Requirements}{}% 11
\BOOKMARK [2][-]{subsection.0.3.1}{Plan for Software Development}{section.0.3}% 12
\BOOKMARK [2][-]{subsection.0.3.2}{Requirements}{section.0.3}% 13
\BOOKMARK [2][-]{subsection.0.3.3}{Data Sources}{section.0.3}% 14
\BOOKMARK [2][-]{subsection.0.3.4}{Processing Natural Language Queries}{section.0.3}% 15
\BOOKMARK [2][-]{subsection.0.3.5}{Evaluating Success - Experimental evaluation of the system}{section.0.3}% 16
\BOOKMARK [1][-]{section.0.4}{Design}{}% 17
\BOOKMARK [2][-]{subsection.0.4.1}{System Design}{section.0.4}% 18
\BOOKMARK [2][-]{subsection.0.4.2}{Language, Platform and Tools and Libraries}{section.0.4}% 19
\BOOKMARK [1][-]{section.0.5}{Implementation}{}% 20
\BOOKMARK [2][-]{subsection.0.5.1}{Implementation Overview}{section.0.5}% 21
\BOOKMARK [2][-]{subsection.0.5.2}{Tools and services used}{section.0.5}% 22
\BOOKMARK [2][-]{subsection.0.5.3}{Implementation of natural language processing module}{section.0.5}% 23
\BOOKMARK [2][-]{subsection.0.5.4}{Implementation of answer location system}{section.0.5}% 24
\BOOKMARK [2][-]{subsection.0.5.5}{Implementation of rating and learning system}{section.0.5}% 25
\BOOKMARK [2][-]{subsection.0.5.6}{Implementation of rating and learning system}{section.0.5}% 26
\BOOKMARK [2][-]{subsection.0.5.7}{Discussion of Implementation}{section.0.5}% 27
\BOOKMARK [1][-]{section.0.6}{Results}{}% 28
\BOOKMARK [1][-]{section.0.7}{Discussion}{}% 29
\BOOKMARK [1][-]{section.0.8}{Evaluation}{}% 30
\BOOKMARK [1][-]{section.0.9}{Extending this project}{}% 31
\BOOKMARK [1][-]{section.0.10}{Conclusion}{}% 32
\BOOKMARK [1][-]{section.0.11}{Appendix A - Personas}{}% 33
\BOOKMARK [2][-]{subsection.0.11.1}{Nanjala}{section.0.11}% 34
\BOOKMARK [2][-]{subsection.0.11.2}{Cedric}{section.0.11}% 35
\BOOKMARK [1][-]{section.0.12}{Appendix C - Sample Questionnaire}{}% 36
